[0.717s] Invoking command in '/home/me597/lab3_ws/3/task_4': PYTHONPATH=/home/me597/lab3_ws/build/task_4/prefix_override:/usr/lib/python3/dist-packages/colcon_core/task/python/colcon_distutils_commands:/home/me597/lab3_ws/install/task_4/lib/python3.10/site-packages:${PYTHONPATH} /usr/bin/python3 -W ignore:setup.py install is deprecated -W ignore:easy_install command is deprecated setup.py egg_info --egg-base ../../build/task_4 build --build-base /home/me597/lab3_ws/build/task_4/build install --record /home/me597/lab3_ws/build/task_4/install.log --single-version-externally-managed install_data
[0.990s] running egg_info
[0.991s] creating ../../build/task_4/task_4.egg-info
[0.991s] writing ../../build/task_4/task_4.egg-info/PKG-INFO
[0.991s] writing dependency_links to ../../build/task_4/task_4.egg-info/dependency_links.txt
[0.992s] writing entry points to ../../build/task_4/task_4.egg-info/entry_points.txt
[0.992s] writing requirements to ../../build/task_4/task_4.egg-info/requires.txt
[0.992s] writing top-level names to ../../build/task_4/task_4.egg-info/top_level.txt
[0.992s] writing manifest file '../../build/task_4/task_4.egg-info/SOURCES.txt'
[0.996s] reading manifest file '../../build/task_4/task_4.egg-info/SOURCES.txt'
[0.996s] adding license file 'LICENSE'
[0.997s] writing manifest file '../../build/task_4/task_4.egg-info/SOURCES.txt'
[0.998s] running build
[0.998s] running build_py
[0.998s] creating /home/me597/lab3_ws/build/task_4/build
[0.998s] creating /home/me597/lab3_ws/build/task_4/build/lib
[0.998s] creating /home/me597/lab3_ws/build/task_4/build/lib/task_4
[0.999s] copying task_4/__init__.py -> /home/me597/lab3_ws/build/task_4/build/lib/task_4
[0.999s] copying task_4/auto_navigator.py -> /home/me597/lab3_ws/build/task_4/build/lib/task_4
[1.000s] running install
[1.000s] running install_lib
[1.001s] creating /home/me597/lab3_ws/install/task_4/lib/python3.10/site-packages/task_4
[1.001s] copying /home/me597/lab3_ws/build/task_4/build/lib/task_4/__init__.py -> /home/me597/lab3_ws/install/task_4/lib/python3.10/site-packages/task_4
[1.001s] copying /home/me597/lab3_ws/build/task_4/build/lib/task_4/auto_navigator.py -> /home/me597/lab3_ws/install/task_4/lib/python3.10/site-packages/task_4
[1.002s] byte-compiling /home/me597/lab3_ws/install/task_4/lib/python3.10/site-packages/task_4/__init__.py to __init__.cpython-310.pyc
[1.002s] byte-compiling /home/me597/lab3_ws/install/task_4/lib/python3.10/site-packages/task_4/auto_navigator.py to auto_navigator.cpython-310.pyc
[1.008s] running install_data
[1.008s] creating /home/me597/lab3_ws/install/task_4/share/ament_index
[1.009s] creating /home/me597/lab3_ws/install/task_4/share/ament_index/resource_index
[1.009s] creating /home/me597/lab3_ws/install/task_4/share/ament_index/resource_index/packages
[1.009s] copying resource/task_4 -> /home/me597/lab3_ws/install/task_4/share/ament_index/resource_index/packages
[1.010s] copying package.xml -> /home/me597/lab3_ws/install/task_4/share/task_4
[1.010s] creating /home/me597/lab3_ws/install/task_4/share/task_4/launch
[1.011s] copying launch/gen_sync_map_launch.py -> /home/me597/lab3_ws/install/task_4/share/task_4/launch
[1.011s] creating /home/me597/lab3_ws/install/task_4/share/task_4/maps
[1.011s] copying maps/sync_classroom_map.pgm -> /home/me597/lab3_ws/install/task_4/share/task_4/maps
[1.011s] copying maps/sync_classroom_map.yaml -> /home/me597/lab3_ws/install/task_4/share/task_4/maps
[1.012s] running install_egg_info
[1.014s] Copying ../../build/task_4/task_4.egg-info to /home/me597/lab3_ws/install/task_4/lib/python3.10/site-packages/task_4-0.0.0-py3.10.egg-info
[1.015s] running install_scripts
[1.037s] Installing auto_navigator script to /home/me597/lab3_ws/install/task_4/lib/task_4
[1.037s] writing list of installed files to '/home/me597/lab3_ws/build/task_4/install.log'
[1.068s] Invoked command in '/home/me597/lab3_ws/3/task_4' returned '0': PYTHONPATH=/home/me597/lab3_ws/build/task_4/prefix_override:/usr/lib/python3/dist-packages/colcon_core/task/python/colcon_distutils_commands:/home/me597/lab3_ws/install/task_4/lib/python3.10/site-packages:${PYTHONPATH} /usr/bin/python3 -W ignore:setup.py install is deprecated -W ignore:easy_install command is deprecated setup.py egg_info --egg-base ../../build/task_4 build --build-base /home/me597/lab3_ws/build/task_4/build install --record /home/me597/lab3_ws/build/task_4/install.log --single-version-externally-managed install_data
