[0.079s] Invoking command in '/home/me597/lab1_ws/build/task_2_interfaces': CMAKE_PREFIX_PATH=/opt/ros/humble /usr/bin/cmake /home/me597/lab1_ws/3/task_2_interfaces -DCMAKE_INSTALL_PREFIX=/home/me597/lab1_ws/install/task_2_interfaces
[0.739s] -- The C compiler identification is GNU 11.4.0
[1.050s] -- The CXX compiler identification is GNU 11.4.0
[1.109s] -- Detecting C compiler ABI info
[1.384s] -- Detecting C compiler ABI info - done
[1.398s] -- Check for working C compiler: /usr/bin/cc - skipped
[1.401s] -- Detecting C compile features
[1.405s] -- Detecting C compile features - done
[1.418s] -- Detecting CXX compiler ABI info
[1.695s] -- Detecting CXX compiler ABI info - done
[1.721s] -- Check for working CXX compiler: /usr/bin/c++ - skipped
[1.723s] -- Detecting CXX compile features
[1.723s] -- Detecting CXX compile features - done
[1.747s] -- Found ament_cmake: 1.3.12 (/opt/ros/humble/share/ament_cmake/cmake)
[2.233s] -- Found Python3: /usr/bin/python3 (found version "3.10.12") found components: Interpreter 
[2.653s] -- Found rclcpp: 16.0.14 (/opt/ros/humble/share/rclcpp/cmake)
[2.933s] -- Found rosidl_generator_c: 3.1.7 (/opt/ros/humble/share/rosidl_generator_c/cmake)
[2.970s] -- Found rosidl_adapter: 3.1.7 (/opt/ros/humble/share/rosidl_adapter/cmake)
[3.022s] -- Found rosidl_generator_cpp: 3.1.7 (/opt/ros/humble/share/rosidl_generator_cpp/cmake)
[3.106s] -- Using all available rosidl_typesupport_c: rosidl_typesupport_fastrtps_c;rosidl_typesupport_introspection_c
[3.191s] -- Using all available rosidl_typesupport_cpp: rosidl_typesupport_fastrtps_cpp;rosidl_typesupport_introspection_cpp
[3.410s] -- Found rmw_implementation_cmake: 6.1.2 (/opt/ros/humble/share/rmw_implementation_cmake/cmake)
[3.429s] -- Found rmw_fastrtps_cpp: 6.2.8 (/opt/ros/humble/share/rmw_fastrtps_cpp/cmake)
[3.821s] -- Found OpenSSL: /usr/lib/x86_64-linux-gnu/libcrypto.so (found version "3.0.2")  
[3.891s] -- Found FastRTPS: /opt/ros/humble/include  
[3.979s] -- Using RMW implementation 'rmw_fastrtps_cpp' as default
[4.022s] -- Looking for pthread.h
[4.292s] -- Looking for pthread.h - found
[4.294s] -- Performing Test CMAKE_HAVE_LIBC_PTHREAD
[4.567s] -- Performing Test CMAKE_HAVE_LIBC_PTHREAD - Success
[4.570s] -- Found Threads: TRUE  
[4.814s] -- Found geometry_msgs: 4.9.0 (/opt/ros/humble/share/geometry_msgs/cmake)
[4.880s] -- Found rosidl_default_generators: 1.2.0 (/opt/ros/humble/share/rosidl_default_generators/cmake)
[5.758s] -- Found ament_cmake_ros: 0.10.0 (/opt/ros/humble/share/ament_cmake_ros/cmake)
[6.850s] -- Using all available rosidl_typesupport_c: rosidl_typesupport_fastrtps_c;rosidl_typesupport_introspection_c
[7.361s] -- Using all available rosidl_typesupport_cpp: rosidl_typesupport_fastrtps_cpp;rosidl_typesupport_introspection_cpp
[7.448s] -- Found PythonInterp: /usr/bin/python3 (found suitable version "3.10.12", minimum required is "3.6") 
[7.456s] -- Found python_cmake_module: 0.10.0 (/opt/ros/humble/share/python_cmake_module/cmake)
[7.552s] -- Found PythonLibs: /usr/lib/x86_64-linux-gnu/libpython3.10.so (found suitable version "3.10.12", minimum required is "3.5") 
[7.553s] -- Using PYTHON_EXECUTABLE: /usr/bin/python3
[7.553s] -- Using PYTHON_INCLUDE_DIRS: /usr/include/python3.10
[7.553s] -- Using PYTHON_LIBRARIES: /usr/lib/x86_64-linux-gnu/libpython3.10.so
[7.633s] -- Found PythonExtra: .so  
[7.835s] -- Found ament_lint_auto: 0.12.14 (/opt/ros/humble/share/ament_lint_auto/cmake)
[7.950s] -- Added test 'lint_cmake' to check CMake code style
[7.957s] -- Added test 'xmllint' to check XML markup files
[7.965s] -- Configuring done
[8.055s] -- Generating done
[8.076s] -- Build files have been written to: /home/me597/lab1_ws/build/task_2_interfaces
[8.095s] Invoked command in '/home/me597/lab1_ws/build/task_2_interfaces' returned '0': CMAKE_PREFIX_PATH=/opt/ros/humble /usr/bin/cmake /home/me597/lab1_ws/3/task_2_interfaces -DCMAKE_INSTALL_PREFIX=/home/me597/lab1_ws/install/task_2_interfaces
[8.100s] Invoking command in '/home/me597/lab1_ws/build/task_2_interfaces': CMAKE_PREFIX_PATH=/opt/ros/humble /usr/bin/cmake --build /home/me597/lab1_ws/build/task_2_interfaces -- -j2 -l2
[8.260s] [  2%] [34m[1mGenerating C code for ROS interfaces[0m
[8.287s] [  5%] [34m[1mGenerating C++ code for ROS interfaces[0m
[9.390s] [  5%] Built target task_2_interfaces__cpp
[9.482s] [  7%] [32mBuilding C object CMakeFiles/task_2_interfaces__rosidl_generator_c.dir/rosidl_generator_c/task_2_interfaces/msg/detail/joint_data__functions.c.o[0m
[9.494s] [  7%] Built target ament_cmake_python_copy_task_2_interfaces
[9.526s] [ 10%] [32mBuilding C object CMakeFiles/task_2_interfaces__rosidl_generator_c.dir/rosidl_generator_c/task_2_interfaces/srv/detail/joint_state__functions.c.o[0m
[9.749s] [ 12%] [34m[1mGenerating C++ type support dispatch for ROS interfaces[0m
[9.770s] [ 15%] [32m[1mLinking C shared library libtask_2_interfaces__rosidl_generator_c.so[0m
[10.035s] [ 15%] Built target task_2_interfaces__rosidl_generator_c
[10.081s] [ 17%] [34m[1mGenerating C++ type support for eProsima Fast-RTPS[0m
[10.554s] [ 20%] [32mBuilding CXX object CMakeFiles/task_2_interfaces__rosidl_typesupport_cpp.dir/rosidl_typesupport_cpp/task_2_interfaces/msg/joint_data__type_support.cpp.o[0m
[11.149s] [ 23%] [32mBuilding CXX object CMakeFiles/task_2_interfaces__rosidl_typesupport_fastrtps_cpp.dir/rosidl_typesupport_fastrtps_cpp/task_2_interfaces/msg/detail/dds_fastrtps/joint_data__type_support.cpp.o[0m
[11.792s] [ 25%] [32mBuilding CXX object CMakeFiles/task_2_interfaces__rosidl_typesupport_cpp.dir/rosidl_typesupport_cpp/task_2_interfaces/srv/joint_state__type_support.cpp.o[0m
[12.783s] [ 28%] [32mBuilding CXX object CMakeFiles/task_2_interfaces__rosidl_typesupport_fastrtps_cpp.dir/rosidl_typesupport_fastrtps_cpp/task_2_interfaces/srv/detail/dds_fastrtps/joint_state__type_support.cpp.o[0m
[12.932s] [ 30%] [32m[1mLinking CXX shared library libtask_2_interfaces__rosidl_typesupport_cpp.so[0m
[13.115s] [ 30%] Built target task_2_interfaces__rosidl_typesupport_cpp
[13.162s] [ 33%] [34m[1mGenerating C introspection for ROS interfaces[0m
[14.186s] [ 35%] [32mBuilding C object CMakeFiles/task_2_interfaces__rosidl_typesupport_introspection_c.dir/rosidl_typesupport_introspection_c/task_2_interfaces/msg/detail/joint_data__type_support.c.o[0m
[14.216s] [ 38%] [32m[1mLinking CXX shared library libtask_2_interfaces__rosidl_typesupport_fastrtps_cpp.so[0m
[14.361s] [ 41%] [32mBuilding C object CMakeFiles/task_2_interfaces__rosidl_typesupport_introspection_c.dir/rosidl_typesupport_introspection_c/task_2_interfaces/srv/detail/joint_state__type_support.c.o[0m
[14.518s] [ 43%] [32m[1mLinking C shared library libtask_2_interfaces__rosidl_typesupport_introspection_c.so[0m
[14.543s] [ 43%] Built target task_2_interfaces__rosidl_typesupport_fastrtps_cpp
[14.586s] [ 46%] [34m[1mGenerating C type support dispatch for ROS interfaces[0m
[14.685s] [ 46%] Built target task_2_interfaces__rosidl_typesupport_introspection_c
[14.743s] [ 48%] [34m[1mGenerating C++ introspection for ROS interfaces[0m
[15.471s] [ 51%] [32mBuilding CXX object CMakeFiles/task_2_interfaces__rosidl_typesupport_c.dir/rosidl_typesupport_c/task_2_interfaces/msg/joint_data__type_support.cpp.o[0m
[15.566s] [ 53%] [32mBuilding CXX object CMakeFiles/task_2_interfaces__rosidl_typesupport_c.dir/rosidl_typesupport_c/task_2_interfaces/srv/joint_state__type_support.cpp.o[0m
[15.664s] [ 56%] [32m[1mLinking CXX shared library libtask_2_interfaces__rosidl_typesupport_c.so[0m
[15.737s] [ 58%] [32mBuilding CXX object CMakeFiles/task_2_interfaces__rosidl_typesupport_introspection_cpp.dir/rosidl_typesupport_introspection_cpp/task_2_interfaces/msg/detail/joint_data__type_support.cpp.o[0m
[15.822s] [ 58%] Built target task_2_interfaces__rosidl_typesupport_c
[15.866s] [ 61%] [32mBuilding CXX object CMakeFiles/task_2_interfaces__rosidl_typesupport_introspection_cpp.dir/rosidl_typesupport_introspection_cpp/task_2_interfaces/srv/detail/joint_state__type_support.cpp.o[0m
[17.203s] [ 64%] [32m[1mLinking CXX shared library libtask_2_interfaces__rosidl_typesupport_introspection_cpp.so[0m
[17.470s] [ 64%] Built target task_2_interfaces__rosidl_typesupport_introspection_cpp
[17.507s] [ 66%] [34m[1mGenerating C type support for eProsima Fast-RTPS[0m
[17.893s] running egg_info
[17.895s] creating task_2_interfaces.egg-info
[17.897s] writing task_2_interfaces.egg-info/PKG-INFO
[17.899s] writing dependency_links to task_2_interfaces.egg-info/dependency_links.txt
[17.900s] writing top-level names to task_2_interfaces.egg-info/top_level.txt
[17.900s] writing manifest file 'task_2_interfaces.egg-info/SOURCES.txt'
[17.905s] reading manifest file 'task_2_interfaces.egg-info/SOURCES.txt'
[17.906s] writing manifest file 'task_2_interfaces.egg-info/SOURCES.txt'
[17.980s] [ 66%] Built target ament_cmake_python_build_task_2_interfaces_egg
[18.419s] [ 69%] [32mBuilding CXX object CMakeFiles/task_2_interfaces__rosidl_typesupport_fastrtps_c.dir/rosidl_typesupport_fastrtps_c/task_2_interfaces/srv/detail/joint_state__type_support_c.cpp.o[0m
[18.420s] [ 71%] [32mBuilding CXX object CMakeFiles/task_2_interfaces__rosidl_typesupport_fastrtps_c.dir/rosidl_typesupport_fastrtps_c/task_2_interfaces/msg/detail/joint_data__type_support_c.cpp.o[0m
[19.421s] [ 74%] [32m[1mLinking CXX shared library libtask_2_interfaces__rosidl_typesupport_fastrtps_c.so[0m
[19.670s] [ 74%] Built target task_2_interfaces__rosidl_typesupport_fastrtps_c
[19.741s] [ 74%] Built target task_2_interfaces
[19.830s] [ 76%] [34m[1mGenerating Python code for ROS interfaces[0m
[20.993s] [ 76%] Built target task_2_interfaces__py
[21.074s] [ 79%] [32mBuilding C object CMakeFiles/task_2_interfaces__rosidl_generator_py.dir/rosidl_generator_py/task_2_interfaces/srv/_joint_state_s.c.o[0m
[21.088s] [ 82%] [32mBuilding C object CMakeFiles/task_2_interfaces__rosidl_generator_py.dir/rosidl_generator_py/task_2_interfaces/msg/_joint_data_s.c.o[0m
[21.619s] [ 84%] [32m[1mLinking C shared library rosidl_generator_py/task_2_interfaces/libtask_2_interfaces__rosidl_generator_py.so[0m
[21.782s] [ 84%] Built target task_2_interfaces__rosidl_generator_py
[21.872s] [ 87%] [32mBuilding C object CMakeFiles/task_2_interfaces__rosidl_typesupport_introspection_c__pyext.dir/rosidl_generator_py/task_2_interfaces/_task_2_interfaces_s.ep.rosidl_typesupport_introspection_c.c.o[0m
[21.873s] [ 89%] [32mBuilding C object CMakeFiles/task_2_interfaces__rosidl_typesupport_fastrtps_c__pyext.dir/rosidl_generator_py/task_2_interfaces/_task_2_interfaces_s.ep.rosidl_typesupport_fastrtps_c.c.o[0m
[22.249s] [ 92%] [32m[1mLinking C shared library rosidl_generator_py/task_2_interfaces/task_2_interfaces_s__rosidl_typesupport_fastrtps_c.cpython-310-x86_64-linux-gnu.so[0m
[22.275s] [ 94%] [32m[1mLinking C shared library rosidl_generator_py/task_2_interfaces/task_2_interfaces_s__rosidl_typesupport_introspection_c.cpython-310-x86_64-linux-gnu.so[0m
[22.417s] [ 94%] Built target task_2_interfaces__rosidl_typesupport_fastrtps_c__pyext
[22.439s] [ 94%] Built target task_2_interfaces__rosidl_typesupport_introspection_c__pyext
[22.500s] [ 97%] [32mBuilding C object CMakeFiles/task_2_interfaces__rosidl_typesupport_c__pyext.dir/rosidl_generator_py/task_2_interfaces/_task_2_interfaces_s.ep.rosidl_typesupport_c.c.o[0m
[22.822s] [100%] [32m[1mLinking C shared library rosidl_generator_py/task_2_interfaces/task_2_interfaces_s__rosidl_typesupport_c.cpython-310-x86_64-linux-gnu.so[0m
[22.947s] [100%] Built target task_2_interfaces__rosidl_typesupport_c__pyext
[22.982s] Invoked command in '/home/me597/lab1_ws/build/task_2_interfaces' returned '0': CMAKE_PREFIX_PATH=/opt/ros/humble /usr/bin/cmake --build /home/me597/lab1_ws/build/task_2_interfaces -- -j2 -l2
[23.024s] Invoking command in '/home/me597/lab1_ws/build/task_2_interfaces': CMAKE_PREFIX_PATH=/opt/ros/humble /usr/bin/cmake --install /home/me597/lab1_ws/build/task_2_interfaces
[23.049s] -- Install configuration: ""
[23.052s] -- Installing: /home/me597/lab1_ws/install/task_2_interfaces/share/ament_index/resource_index/rosidl_interfaces/task_2_interfaces
[23.052s] -- Installing: /home/me597/lab1_ws/install/task_2_interfaces/include/task_2_interfaces/task_2_interfaces
[23.052s] -- Installing: /home/me597/lab1_ws/install/task_2_interfaces/include/task_2_interfaces/task_2_interfaces/msg
[23.052s] -- Installing: /home/me597/lab1_ws/install/task_2_interfaces/include/task_2_interfaces/task_2_interfaces/msg/joint_data.h
[23.053s] -- Installing: /home/me597/lab1_ws/install/task_2_interfaces/include/task_2_interfaces/task_2_interfaces/msg/rosidl_generator_c__visibility_control.h
[23.053s] -- Installing: /home/me597/lab1_ws/install/task_2_interfaces/include/task_2_interfaces/task_2_interfaces/msg/detail
[23.053s] -- Installing: /home/me597/lab1_ws/install/task_2_interfaces/include/task_2_interfaces/task_2_interfaces/msg/detail/joint_data__functions.h
[23.054s] -- Installing: /home/me597/lab1_ws/install/task_2_interfaces/include/task_2_interfaces/task_2_interfaces/msg/detail/joint_data__struct.h
[23.054s] -- Installing: /home/me597/lab1_ws/install/task_2_interfaces/include/task_2_interfaces/task_2_interfaces/msg/detail/joint_data__functions.c
[23.054s] -- Installing: /home/me597/lab1_ws/install/task_2_interfaces/include/task_2_interfaces/task_2_interfaces/msg/detail/joint_data__type_support.h
[23.054s] -- Installing: /home/me597/lab1_ws/install/task_2_interfaces/include/task_2_interfaces/task_2_interfaces/srv
[23.054s] -- Installing: /home/me597/lab1_ws/install/task_2_interfaces/include/task_2_interfaces/task_2_interfaces/srv/detail
[23.054s] -- Installing: /home/me597/lab1_ws/install/task_2_interfaces/include/task_2_interfaces/task_2_interfaces/srv/detail/joint_state__functions.h
[23.055s] -- Installing: /home/me597/lab1_ws/install/task_2_interfaces/include/task_2_interfaces/task_2_interfaces/srv/detail/joint_state__functions.c
[23.055s] -- Installing: /home/me597/lab1_ws/install/task_2_interfaces/include/task_2_interfaces/task_2_interfaces/srv/detail/joint_state__type_support.h
[23.055s] -- Installing: /home/me597/lab1_ws/install/task_2_interfaces/include/task_2_interfaces/task_2_interfaces/srv/detail/joint_state__struct.h
[23.055s] -- Installing: /home/me597/lab1_ws/install/task_2_interfaces/include/task_2_interfaces/task_2_interfaces/srv/joint_state.h
[23.056s] -- Installing: /home/me597/lab1_ws/install/task_2_interfaces/share/task_2_interfaces/environment/library_path.sh
[23.056s] -- Installing: /home/me597/lab1_ws/install/task_2_interfaces/share/task_2_interfaces/environment/library_path.dsv
[23.057s] -- Installing: /home/me597/lab1_ws/install/task_2_interfaces/lib/libtask_2_interfaces__rosidl_generator_c.so
[23.058s] -- Set runtime path of "/home/me597/lab1_ws/install/task_2_interfaces/lib/libtask_2_interfaces__rosidl_generator_c.so" to ""
[23.059s] -- Up-to-date: /home/me597/lab1_ws/install/task_2_interfaces/include/task_2_interfaces/task_2_interfaces
[23.059s] -- Up-to-date: /home/me597/lab1_ws/install/task_2_interfaces/include/task_2_interfaces/task_2_interfaces/msg
[23.059s] -- Up-to-date: /home/me597/lab1_ws/install/task_2_interfaces/include/task_2_interfaces/task_2_interfaces/msg/detail
[23.059s] -- Installing: /home/me597/lab1_ws/install/task_2_interfaces/include/task_2_interfaces/task_2_interfaces/msg/detail/joint_data__rosidl_typesupport_fastrtps_c.h
[23.059s] -- Installing: /home/me597/lab1_ws/install/task_2_interfaces/include/task_2_interfaces/task_2_interfaces/msg/rosidl_typesupport_fastrtps_c__visibility_control.h
[23.060s] -- Up-to-date: /home/me597/lab1_ws/install/task_2_interfaces/include/task_2_interfaces/task_2_interfaces/srv
[23.060s] -- Up-to-date: /home/me597/lab1_ws/install/task_2_interfaces/include/task_2_interfaces/task_2_interfaces/srv/detail
[23.060s] -- Installing: /home/me597/lab1_ws/install/task_2_interfaces/include/task_2_interfaces/task_2_interfaces/srv/detail/joint_state__rosidl_typesupport_fastrtps_c.h
[23.060s] -- Installing: /home/me597/lab1_ws/install/task_2_interfaces/lib/libtask_2_interfaces__rosidl_typesupport_fastrtps_c.so
[23.062s] -- Set runtime path of "/home/me597/lab1_ws/install/task_2_interfaces/lib/libtask_2_interfaces__rosidl_typesupport_fastrtps_c.so" to ""
[23.062s] -- Up-to-date: /home/me597/lab1_ws/install/task_2_interfaces/include/task_2_interfaces/task_2_interfaces
[23.063s] -- Up-to-date: /home/me597/lab1_ws/install/task_2_interfaces/include/task_2_interfaces/task_2_interfaces/msg
[23.063s] -- Installing: /home/me597/lab1_ws/install/task_2_interfaces/include/task_2_interfaces/task_2_interfaces/msg/rosidl_generator_cpp__visibility_control.hpp
[23.063s] -- Up-to-date: /home/me597/lab1_ws/install/task_2_interfaces/include/task_2_interfaces/task_2_interfaces/msg/detail
[23.064s] -- Installing: /home/me597/lab1_ws/install/task_2_interfaces/include/task_2_interfaces/task_2_interfaces/msg/detail/joint_data__type_support.hpp
[23.064s] -- Installing: /home/me597/lab1_ws/install/task_2_interfaces/include/task_2_interfaces/task_2_interfaces/msg/detail/joint_data__builder.hpp
[23.064s] -- Installing: /home/me597/lab1_ws/install/task_2_interfaces/include/task_2_interfaces/task_2_interfaces/msg/detail/joint_data__struct.hpp
[23.065s] -- Installing: /home/me597/lab1_ws/install/task_2_interfaces/include/task_2_interfaces/task_2_interfaces/msg/detail/joint_data__traits.hpp
[23.067s] -- Installing: /home/me597/lab1_ws/install/task_2_interfaces/include/task_2_interfaces/task_2_interfaces/msg/joint_data.hpp
[23.069s] -- Up-to-date: /home/me597/lab1_ws/install/task_2_interfaces/include/task_2_interfaces/task_2_interfaces/srv
[23.069s] -- Up-to-date: /home/me597/lab1_ws/install/task_2_interfaces/include/task_2_interfaces/task_2_interfaces/srv/detail
[23.069s] -- Installing: /home/me597/lab1_ws/install/task_2_interfaces/include/task_2_interfaces/task_2_interfaces/srv/detail/joint_state__traits.hpp
[23.070s] -- Installing: /home/me597/lab1_ws/install/task_2_interfaces/include/task_2_interfaces/task_2_interfaces/srv/detail/joint_state__type_support.hpp
[23.070s] -- Installing: /home/me597/lab1_ws/install/task_2_interfaces/include/task_2_interfaces/task_2_interfaces/srv/detail/joint_state__builder.hpp
[23.070s] -- Installing: /home/me597/lab1_ws/install/task_2_interfaces/include/task_2_interfaces/task_2_interfaces/srv/detail/joint_state__struct.hpp
[23.070s] -- Installing: /home/me597/lab1_ws/install/task_2_interfaces/include/task_2_interfaces/task_2_interfaces/srv/joint_state.hpp
[23.071s] -- Up-to-date: /home/me597/lab1_ws/install/task_2_interfaces/include/task_2_interfaces/task_2_interfaces
[23.071s] -- Up-to-date: /home/me597/lab1_ws/install/task_2_interfaces/include/task_2_interfaces/task_2_interfaces/msg
[23.071s] -- Up-to-date: /home/me597/lab1_ws/install/task_2_interfaces/include/task_2_interfaces/task_2_interfaces/msg/detail
[23.072s] -- Installing: /home/me597/lab1_ws/install/task_2_interfaces/include/task_2_interfaces/task_2_interfaces/msg/detail/joint_data__rosidl_typesupport_fastrtps_cpp.hpp
[23.072s] -- Installing: /home/me597/lab1_ws/install/task_2_interfaces/include/task_2_interfaces/task_2_interfaces/msg/detail/dds_fastrtps
[23.073s] -- Installing: /home/me597/lab1_ws/install/task_2_interfaces/include/task_2_interfaces/task_2_interfaces/msg/rosidl_typesupport_fastrtps_cpp__visibility_control.h
[23.073s] -- Up-to-date: /home/me597/lab1_ws/install/task_2_interfaces/include/task_2_interfaces/task_2_interfaces/srv
[23.073s] -- Up-to-date: /home/me597/lab1_ws/install/task_2_interfaces/include/task_2_interfaces/task_2_interfaces/srv/detail
[23.074s] -- Installing: /home/me597/lab1_ws/install/task_2_interfaces/include/task_2_interfaces/task_2_interfaces/srv/detail/joint_state__rosidl_typesupport_fastrtps_cpp.hpp
[23.074s] -- Installing: /home/me597/lab1_ws/install/task_2_interfaces/include/task_2_interfaces/task_2_interfaces/srv/detail/dds_fastrtps
[23.074s] -- Installing: /home/me597/lab1_ws/install/task_2_interfaces/lib/libtask_2_interfaces__rosidl_typesupport_fastrtps_cpp.so
[23.074s] -- Set runtime path of "/home/me597/lab1_ws/install/task_2_interfaces/lib/libtask_2_interfaces__rosidl_typesupport_fastrtps_cpp.so" to ""
[23.074s] -- Up-to-date: /home/me597/lab1_ws/install/task_2_interfaces/include/task_2_interfaces/task_2_interfaces
[23.075s] -- Up-to-date: /home/me597/lab1_ws/install/task_2_interfaces/include/task_2_interfaces/task_2_interfaces/msg
[23.075s] -- Installing: /home/me597/lab1_ws/install/task_2_interfaces/include/task_2_interfaces/task_2_interfaces/msg/rosidl_typesupport_introspection_c__visibility_control.h
[23.075s] -- Up-to-date: /home/me597/lab1_ws/install/task_2_interfaces/include/task_2_interfaces/task_2_interfaces/msg/detail
[23.075s] -- Installing: /home/me597/lab1_ws/install/task_2_interfaces/include/task_2_interfaces/task_2_interfaces/msg/detail/joint_data__rosidl_typesupport_introspection_c.h
[23.075s] -- Installing: /home/me597/lab1_ws/install/task_2_interfaces/include/task_2_interfaces/task_2_interfaces/msg/detail/joint_data__type_support.c
[23.076s] -- Up-to-date: /home/me597/lab1_ws/install/task_2_interfaces/include/task_2_interfaces/task_2_interfaces/srv
[23.076s] -- Up-to-date: /home/me597/lab1_ws/install/task_2_interfaces/include/task_2_interfaces/task_2_interfaces/srv/detail
[23.076s] -- Installing: /home/me597/lab1_ws/install/task_2_interfaces/include/task_2_interfaces/task_2_interfaces/srv/detail/joint_state__rosidl_typesupport_introspection_c.h
[23.076s] -- Installing: /home/me597/lab1_ws/install/task_2_interfaces/include/task_2_interfaces/task_2_interfaces/srv/detail/joint_state__type_support.c
[23.077s] -- Installing: /home/me597/lab1_ws/install/task_2_interfaces/lib/libtask_2_interfaces__rosidl_typesupport_introspection_c.so
[23.077s] -- Set runtime path of "/home/me597/lab1_ws/install/task_2_interfaces/lib/libtask_2_interfaces__rosidl_typesupport_introspection_c.so" to ""
[23.077s] -- Installing: /home/me597/lab1_ws/install/task_2_interfaces/lib/libtask_2_interfaces__rosidl_typesupport_c.so
[23.077s] -- Set runtime path of "/home/me597/lab1_ws/install/task_2_interfaces/lib/libtask_2_interfaces__rosidl_typesupport_c.so" to ""
[23.077s] -- Up-to-date: /home/me597/lab1_ws/install/task_2_interfaces/include/task_2_interfaces/task_2_interfaces
[23.078s] -- Up-to-date: /home/me597/lab1_ws/install/task_2_interfaces/include/task_2_interfaces/task_2_interfaces/msg
[23.078s] -- Up-to-date: /home/me597/lab1_ws/install/task_2_interfaces/include/task_2_interfaces/task_2_interfaces/msg/detail
[23.078s] -- Installing: /home/me597/lab1_ws/install/task_2_interfaces/include/task_2_interfaces/task_2_interfaces/msg/detail/joint_data__rosidl_typesupport_introspection_cpp.hpp
[23.078s] -- Installing: /home/me597/lab1_ws/install/task_2_interfaces/include/task_2_interfaces/task_2_interfaces/msg/detail/joint_data__type_support.cpp
[23.078s] -- Up-to-date: /home/me597/lab1_ws/install/task_2_interfaces/include/task_2_interfaces/task_2_interfaces/srv
[23.078s] -- Up-to-date: /home/me597/lab1_ws/install/task_2_interfaces/include/task_2_interfaces/task_2_interfaces/srv/detail
[23.079s] -- Installing: /home/me597/lab1_ws/install/task_2_interfaces/include/task_2_interfaces/task_2_interfaces/srv/detail/joint_state__rosidl_typesupport_introspection_cpp.hpp
[23.079s] -- Installing: /home/me597/lab1_ws/install/task_2_interfaces/include/task_2_interfaces/task_2_interfaces/srv/detail/joint_state__type_support.cpp
[23.079s] -- Installing: /home/me597/lab1_ws/install/task_2_interfaces/lib/libtask_2_interfaces__rosidl_typesupport_introspection_cpp.so
[23.081s] -- Set runtime path of "/home/me597/lab1_ws/install/task_2_interfaces/lib/libtask_2_interfaces__rosidl_typesupport_introspection_cpp.so" to ""
[23.082s] -- Installing: /home/me597/lab1_ws/install/task_2_interfaces/lib/libtask_2_interfaces__rosidl_typesupport_cpp.so
[23.085s] -- Set runtime path of "/home/me597/lab1_ws/install/task_2_interfaces/lib/libtask_2_interfaces__rosidl_typesupport_cpp.so" to ""
[23.086s] -- Installing: /home/me597/lab1_ws/install/task_2_interfaces/share/task_2_interfaces/environment/pythonpath.sh
[23.086s] -- Installing: /home/me597/lab1_ws/install/task_2_interfaces/share/task_2_interfaces/environment/pythonpath.dsv
[23.087s] -- Installing: /home/me597/lab1_ws/install/task_2_interfaces/local/lib/python3.10/dist-packages/task_2_interfaces-0.0.0-py3.10.egg-info
[23.088s] -- Installing: /home/me597/lab1_ws/install/task_2_interfaces/local/lib/python3.10/dist-packages/task_2_interfaces-0.0.0-py3.10.egg-info/top_level.txt
[23.093s] -- Installing: /home/me597/lab1_ws/install/task_2_interfaces/local/lib/python3.10/dist-packages/task_2_interfaces-0.0.0-py3.10.egg-info/SOURCES.txt
[23.095s] -- Installing: /home/me597/lab1_ws/install/task_2_interfaces/local/lib/python3.10/dist-packages/task_2_interfaces-0.0.0-py3.10.egg-info/dependency_links.txt
[23.095s] -- Installing: /home/me597/lab1_ws/install/task_2_interfaces/local/lib/python3.10/dist-packages/task_2_interfaces-0.0.0-py3.10.egg-info/PKG-INFO
[23.096s] -- Installing: /home/me597/lab1_ws/install/task_2_interfaces/local/lib/python3.10/dist-packages/task_2_interfaces
[23.096s] -- Installing: /home/me597/lab1_ws/install/task_2_interfaces/local/lib/python3.10/dist-packages/task_2_interfaces/_task_2_interfaces_s.ep.rosidl_typesupport_fastrtps_c.c
[23.096s] -- Installing: /home/me597/lab1_ws/install/task_2_interfaces/local/lib/python3.10/dist-packages/task_2_interfaces/task_2_interfaces_s__rosidl_typesupport_fastrtps_c.cpython-310-x86_64-linux-gnu.so
[23.097s] -- Installing: /home/me597/lab1_ws/install/task_2_interfaces/local/lib/python3.10/dist-packages/task_2_interfaces/_task_2_interfaces_s.ep.rosidl_typesupport_c.c
[23.097s] -- Installing: /home/me597/lab1_ws/install/task_2_interfaces/local/lib/python3.10/dist-packages/task_2_interfaces/msg
[23.097s] -- Installing: /home/me597/lab1_ws/install/task_2_interfaces/local/lib/python3.10/dist-packages/task_2_interfaces/msg/_joint_data.py
[23.098s] -- Installing: /home/me597/lab1_ws/install/task_2_interfaces/local/lib/python3.10/dist-packages/task_2_interfaces/msg/_joint_data_s.c
[23.098s] -- Installing: /home/me597/lab1_ws/install/task_2_interfaces/local/lib/python3.10/dist-packages/task_2_interfaces/msg/__init__.py
[23.099s] -- Installing: /home/me597/lab1_ws/install/task_2_interfaces/local/lib/python3.10/dist-packages/task_2_interfaces/task_2_interfaces_s__rosidl_typesupport_introspection_c.cpython-310-x86_64-linux-gnu.so
[23.099s] -- Installing: /home/me597/lab1_ws/install/task_2_interfaces/local/lib/python3.10/dist-packages/task_2_interfaces/task_2_interfaces_s__rosidl_typesupport_c.cpython-310-x86_64-linux-gnu.so
[23.099s] -- Installing: /home/me597/lab1_ws/install/task_2_interfaces/local/lib/python3.10/dist-packages/task_2_interfaces/__init__.py
[23.099s] -- Installing: /home/me597/lab1_ws/install/task_2_interfaces/local/lib/python3.10/dist-packages/task_2_interfaces/libtask_2_interfaces__rosidl_generator_py.so
[23.100s] -- Installing: /home/me597/lab1_ws/install/task_2_interfaces/local/lib/python3.10/dist-packages/task_2_interfaces/_task_2_interfaces_s.ep.rosidl_typesupport_introspection_c.c
[23.100s] -- Installing: /home/me597/lab1_ws/install/task_2_interfaces/local/lib/python3.10/dist-packages/task_2_interfaces/srv
[23.100s] -- Installing: /home/me597/lab1_ws/install/task_2_interfaces/local/lib/python3.10/dist-packages/task_2_interfaces/srv/_joint_state.py
[23.100s] -- Installing: /home/me597/lab1_ws/install/task_2_interfaces/local/lib/python3.10/dist-packages/task_2_interfaces/srv/_joint_state_s.c
[23.101s] -- Installing: /home/me597/lab1_ws/install/task_2_interfaces/local/lib/python3.10/dist-packages/task_2_interfaces/srv/__init__.py
[23.198s] Listing '/home/me597/lab1_ws/install/task_2_interfaces/local/lib/python3.10/dist-packages/task_2_interfaces'...
[23.198s] Compiling '/home/me597/lab1_ws/install/task_2_interfaces/local/lib/python3.10/dist-packages/task_2_interfaces/__init__.py'...
[23.198s] Listing '/home/me597/lab1_ws/install/task_2_interfaces/local/lib/python3.10/dist-packages/task_2_interfaces/msg'...
[23.198s] Compiling '/home/me597/lab1_ws/install/task_2_interfaces/local/lib/python3.10/dist-packages/task_2_interfaces/msg/__init__.py'...
[23.198s] Compiling '/home/me597/lab1_ws/install/task_2_interfaces/local/lib/python3.10/dist-packages/task_2_interfaces/msg/_joint_data.py'...
[23.198s] Listing '/home/me597/lab1_ws/install/task_2_interfaces/local/lib/python3.10/dist-packages/task_2_interfaces/srv'...
[23.198s] Compiling '/home/me597/lab1_ws/install/task_2_interfaces/local/lib/python3.10/dist-packages/task_2_interfaces/srv/__init__.py'...
[23.198s] Compiling '/home/me597/lab1_ws/install/task_2_interfaces/local/lib/python3.10/dist-packages/task_2_interfaces/srv/_joint_state.py'...
[23.207s] -- Installing: /home/me597/lab1_ws/install/task_2_interfaces/local/lib/python3.10/dist-packages/task_2_interfaces/task_2_interfaces_s__rosidl_typesupport_fastrtps_c.cpython-310-x86_64-linux-gnu.so
[23.209s] -- Set runtime path of "/home/me597/lab1_ws/install/task_2_interfaces/local/lib/python3.10/dist-packages/task_2_interfaces/task_2_interfaces_s__rosidl_typesupport_fastrtps_c.cpython-310-x86_64-linux-gnu.so" to ""
[23.211s] -- Installing: /home/me597/lab1_ws/install/task_2_interfaces/local/lib/python3.10/dist-packages/task_2_interfaces/task_2_interfaces_s__rosidl_typesupport_introspection_c.cpython-310-x86_64-linux-gnu.so
[23.212s] -- Set runtime path of "/home/me597/lab1_ws/install/task_2_interfaces/local/lib/python3.10/dist-packages/task_2_interfaces/task_2_interfaces_s__rosidl_typesupport_introspection_c.cpython-310-x86_64-linux-gnu.so" to ""
[23.213s] -- Installing: /home/me597/lab1_ws/install/task_2_interfaces/local/lib/python3.10/dist-packages/task_2_interfaces/task_2_interfaces_s__rosidl_typesupport_c.cpython-310-x86_64-linux-gnu.so
[23.215s] -- Set runtime path of "/home/me597/lab1_ws/install/task_2_interfaces/local/lib/python3.10/dist-packages/task_2_interfaces/task_2_interfaces_s__rosidl_typesupport_c.cpython-310-x86_64-linux-gnu.so" to ""
[23.216s] -- Installing: /home/me597/lab1_ws/install/task_2_interfaces/lib/libtask_2_interfaces__rosidl_generator_py.so
[23.217s] -- Set runtime path of "/home/me597/lab1_ws/install/task_2_interfaces/lib/libtask_2_interfaces__rosidl_generator_py.so" to ""
[23.217s] -- Installing: /home/me597/lab1_ws/install/task_2_interfaces/share/task_2_interfaces/msg/JointData.idl
[23.218s] -- Installing: /home/me597/lab1_ws/install/task_2_interfaces/share/task_2_interfaces/srv/JointState.idl
[23.218s] -- Installing: /home/me597/lab1_ws/install/task_2_interfaces/share/task_2_interfaces/msg/JointData.msg
[23.219s] -- Installing: /home/me597/lab1_ws/install/task_2_interfaces/share/task_2_interfaces/srv/JointState.srv
[23.219s] -- Installing: /home/me597/lab1_ws/install/task_2_interfaces/share/task_2_interfaces/srv/JointState_Request.msg
[23.219s] -- Installing: /home/me597/lab1_ws/install/task_2_interfaces/share/task_2_interfaces/srv/JointState_Response.msg
[23.220s] -- Installing: /home/me597/lab1_ws/install/task_2_interfaces/share/ament_index/resource_index/package_run_dependencies/task_2_interfaces
[23.220s] -- Installing: /home/me597/lab1_ws/install/task_2_interfaces/share/ament_index/resource_index/parent_prefix_path/task_2_interfaces
[23.221s] -- Installing: /home/me597/lab1_ws/install/task_2_interfaces/share/task_2_interfaces/environment/ament_prefix_path.sh
[23.221s] -- Installing: /home/me597/lab1_ws/install/task_2_interfaces/share/task_2_interfaces/environment/ament_prefix_path.dsv
[23.222s] -- Installing: /home/me597/lab1_ws/install/task_2_interfaces/share/task_2_interfaces/environment/path.sh
[23.222s] -- Installing: /home/me597/lab1_ws/install/task_2_interfaces/share/task_2_interfaces/environment/path.dsv
[23.222s] -- Installing: /home/me597/lab1_ws/install/task_2_interfaces/share/task_2_interfaces/local_setup.bash
[23.223s] -- Installing: /home/me597/lab1_ws/install/task_2_interfaces/share/task_2_interfaces/local_setup.sh
[23.223s] -- Installing: /home/me597/lab1_ws/install/task_2_interfaces/share/task_2_interfaces/local_setup.zsh
[23.223s] -- Installing: /home/me597/lab1_ws/install/task_2_interfaces/share/task_2_interfaces/local_setup.dsv
[23.224s] -- Installing: /home/me597/lab1_ws/install/task_2_interfaces/share/task_2_interfaces/package.dsv
[23.224s] -- Installing: /home/me597/lab1_ws/install/task_2_interfaces/share/ament_index/resource_index/packages/task_2_interfaces
[23.225s] -- Installing: /home/me597/lab1_ws/install/task_2_interfaces/share/task_2_interfaces/cmake/export_task_2_interfaces__rosidl_generator_cExport.cmake
[23.225s] -- Installing: /home/me597/lab1_ws/install/task_2_interfaces/share/task_2_interfaces/cmake/export_task_2_interfaces__rosidl_generator_cExport-noconfig.cmake
[23.226s] -- Installing: /home/me597/lab1_ws/install/task_2_interfaces/share/task_2_interfaces/cmake/export_task_2_interfaces__rosidl_typesupport_fastrtps_cExport.cmake
[23.226s] -- Installing: /home/me597/lab1_ws/install/task_2_interfaces/share/task_2_interfaces/cmake/export_task_2_interfaces__rosidl_typesupport_fastrtps_cExport-noconfig.cmake
[23.226s] -- Installing: /home/me597/lab1_ws/install/task_2_interfaces/share/task_2_interfaces/cmake/export_task_2_interfaces__rosidl_generator_cppExport.cmake
[23.227s] -- Installing: /home/me597/lab1_ws/install/task_2_interfaces/share/task_2_interfaces/cmake/export_task_2_interfaces__rosidl_typesupport_fastrtps_cppExport.cmake
[23.227s] -- Installing: /home/me597/lab1_ws/install/task_2_interfaces/share/task_2_interfaces/cmake/export_task_2_interfaces__rosidl_typesupport_fastrtps_cppExport-noconfig.cmake
[23.227s] -- Installing: /home/me597/lab1_ws/install/task_2_interfaces/share/task_2_interfaces/cmake/task_2_interfaces__rosidl_typesupport_introspection_cExport.cmake
[23.227s] -- Installing: /home/me597/lab1_ws/install/task_2_interfaces/share/task_2_interfaces/cmake/task_2_interfaces__rosidl_typesupport_introspection_cExport-noconfig.cmake
[23.228s] -- Installing: /home/me597/lab1_ws/install/task_2_interfaces/share/task_2_interfaces/cmake/task_2_interfaces__rosidl_typesupport_cExport.cmake
[23.228s] -- Installing: /home/me597/lab1_ws/install/task_2_interfaces/share/task_2_interfaces/cmake/task_2_interfaces__rosidl_typesupport_cExport-noconfig.cmake
[23.229s] -- Installing: /home/me597/lab1_ws/install/task_2_interfaces/share/task_2_interfaces/cmake/task_2_interfaces__rosidl_typesupport_introspection_cppExport.cmake
[23.230s] -- Installing: /home/me597/lab1_ws/install/task_2_interfaces/share/task_2_interfaces/cmake/task_2_interfaces__rosidl_typesupport_introspection_cppExport-noconfig.cmake
[23.230s] -- Installing: /home/me597/lab1_ws/install/task_2_interfaces/share/task_2_interfaces/cmake/task_2_interfaces__rosidl_typesupport_cppExport.cmake
[23.230s] -- Installing: /home/me597/lab1_ws/install/task_2_interfaces/share/task_2_interfaces/cmake/task_2_interfaces__rosidl_typesupport_cppExport-noconfig.cmake
[23.230s] -- Installing: /home/me597/lab1_ws/install/task_2_interfaces/share/task_2_interfaces/cmake/export_task_2_interfaces__rosidl_generator_pyExport.cmake
[23.231s] -- Installing: /home/me597/lab1_ws/install/task_2_interfaces/share/task_2_interfaces/cmake/export_task_2_interfaces__rosidl_generator_pyExport-noconfig.cmake
[23.231s] -- Installing: /home/me597/lab1_ws/install/task_2_interfaces/share/task_2_interfaces/cmake/rosidl_cmake-extras.cmake
[23.231s] -- Installing: /home/me597/lab1_ws/install/task_2_interfaces/share/task_2_interfaces/cmake/ament_cmake_export_dependencies-extras.cmake
[23.231s] -- Installing: /home/me597/lab1_ws/install/task_2_interfaces/share/task_2_interfaces/cmake/ament_cmake_export_include_directories-extras.cmake
[23.231s] -- Installing: /home/me597/lab1_ws/install/task_2_interfaces/share/task_2_interfaces/cmake/ament_cmake_export_libraries-extras.cmake
[23.231s] -- Installing: /home/me597/lab1_ws/install/task_2_interfaces/share/task_2_interfaces/cmake/ament_cmake_export_targets-extras.cmake
[23.232s] -- Installing: /home/me597/lab1_ws/install/task_2_interfaces/share/task_2_interfaces/cmake/rosidl_cmake_export_typesupport_targets-extras.cmake
[23.232s] -- Installing: /home/me597/lab1_ws/install/task_2_interfaces/share/task_2_interfaces/cmake/rosidl_cmake_export_typesupport_libraries-extras.cmake
[23.232s] -- Installing: /home/me597/lab1_ws/install/task_2_interfaces/share/task_2_interfaces/cmake/task_2_interfacesConfig.cmake
[23.233s] -- Installing: /home/me597/lab1_ws/install/task_2_interfaces/share/task_2_interfaces/cmake/task_2_interfacesConfig-version.cmake
[23.233s] -- Installing: /home/me597/lab1_ws/install/task_2_interfaces/share/task_2_interfaces/package.xml
[23.239s] Invoked command in '/home/me597/lab1_ws/build/task_2_interfaces' returned '0': CMAKE_PREFIX_PATH=/opt/ros/humble /usr/bin/cmake --install /home/me597/lab1_ws/build/task_2_interfaces
