[1.934s] Invoking command in '/home/me597/lab1_ws/3/task_1': PYTHONPATH=/home/me597/lab1_ws/build/task_1/prefix_override:/usr/lib/python3/dist-packages/colcon_core/task/python/colcon_distutils_commands:/home/me597/lab1_ws/install/task_1/lib/python3.10/site-packages:${PYTHONPATH} /usr/bin/python3 -W ignore:setup.py install is deprecated -W ignore:easy_install command is deprecated setup.py egg_info --egg-base ../../build/task_1 build --build-base /home/me597/lab1_ws/build/task_1/build install --record /home/me597/lab1_ws/build/task_1/install.log --single-version-externally-managed install_data
[2.597s] running egg_info
[2.599s] creating ../../build/task_1/task_1.egg-info
[2.601s] writing ../../build/task_1/task_1.egg-info/PKG-INFO
[2.601s] writing dependency_links to ../../build/task_1/task_1.egg-info/dependency_links.txt
[2.602s] writing entry points to ../../build/task_1/task_1.egg-info/entry_points.txt
[2.603s] writing requirements to ../../build/task_1/task_1.egg-info/requires.txt
[2.603s] writing top-level names to ../../build/task_1/task_1.egg-info/top_level.txt
[2.603s] writing manifest file '../../build/task_1/task_1.egg-info/SOURCES.txt'
[2.609s] reading manifest file '../../build/task_1/task_1.egg-info/SOURCES.txt'
[2.615s] adding license file 'LICENSE'
[2.615s] writing manifest file '../../build/task_1/task_1.egg-info/SOURCES.txt'
[2.615s] running build
[2.616s] running build_py
[2.616s] creating /home/me597/lab1_ws/build/task_1/build
[2.616s] creating /home/me597/lab1_ws/build/task_1/build/lib
[2.616s] creating /home/me597/lab1_ws/build/task_1/build/lib/task_1
[2.617s] copying task_1/basic_sub.py -> /home/me597/lab1_ws/build/task_1/build/lib/task_1
[2.617s] copying task_1/basic_pub.py -> /home/me597/lab1_ws/build/task_1/build/lib/task_1
[2.617s] copying task_1/__init__.py -> /home/me597/lab1_ws/build/task_1/build/lib/task_1
[2.618s] running install
[2.619s] running install_lib
[2.620s] creating /home/me597/lab1_ws/install/task_1/lib/python3.10/site-packages/task_1
[2.625s] copying /home/me597/lab1_ws/build/task_1/build/lib/task_1/basic_sub.py -> /home/me597/lab1_ws/install/task_1/lib/python3.10/site-packages/task_1
[2.625s] copying /home/me597/lab1_ws/build/task_1/build/lib/task_1/basic_pub.py -> /home/me597/lab1_ws/install/task_1/lib/python3.10/site-packages/task_1
[2.626s] copying /home/me597/lab1_ws/build/task_1/build/lib/task_1/__init__.py -> /home/me597/lab1_ws/install/task_1/lib/python3.10/site-packages/task_1
[2.626s] byte-compiling /home/me597/lab1_ws/install/task_1/lib/python3.10/site-packages/task_1/basic_sub.py to basic_sub.cpython-310.pyc
[2.627s] byte-compiling /home/me597/lab1_ws/install/task_1/lib/python3.10/site-packages/task_1/basic_pub.py to basic_pub.cpython-310.pyc
[2.629s] byte-compiling /home/me597/lab1_ws/install/task_1/lib/python3.10/site-packages/task_1/__init__.py to __init__.cpython-310.pyc
[2.632s] running install_data
[2.632s] creating /home/me597/lab1_ws/install/task_1/share/ament_index
[2.633s] creating /home/me597/lab1_ws/install/task_1/share/ament_index/resource_index
[2.634s] creating /home/me597/lab1_ws/install/task_1/share/ament_index/resource_index/packages
[2.636s] copying resource/task_1 -> /home/me597/lab1_ws/install/task_1/share/ament_index/resource_index/packages
[2.636s] copying package.xml -> /home/me597/lab1_ws/install/task_1/share/task_1
[2.636s] creating /home/me597/lab1_ws/install/task_1/share/task_1/launch
[2.636s] copying launch/script_launch.py -> /home/me597/lab1_ws/install/task_1/share/task_1/launch
[2.637s] copying launch/pub_sub_launch.py -> /home/me597/lab1_ws/install/task_1/share/task_1/launch
[2.637s] running install_egg_info
[2.641s] Copying ../../build/task_1/task_1.egg-info to /home/me597/lab1_ws/install/task_1/lib/python3.10/site-packages/task_1-0.0.0-py3.10.egg-info
[2.646s] running install_scripts
[2.714s] Installing listener script to /home/me597/lab1_ws/install/task_1/lib/task_1
[2.715s] Installing talker script to /home/me597/lab1_ws/install/task_1/lib/task_1
[2.716s] writing list of installed files to '/home/me597/lab1_ws/build/task_1/install.log'
[2.777s] Invoked command in '/home/me597/lab1_ws/3/task_1' returned '0': PYTHONPATH=/home/me597/lab1_ws/build/task_1/prefix_override:/usr/lib/python3/dist-packages/colcon_core/task/python/colcon_distutils_commands:/home/me597/lab1_ws/install/task_1/lib/python3.10/site-packages:${PYTHONPATH} /usr/bin/python3 -W ignore:setup.py install is deprecated -W ignore:easy_install command is deprecated setup.py egg_info --egg-base ../../build/task_1 build --build-base /home/me597/lab1_ws/build/task_1/build install --record /home/me597/lab1_ws/build/task_1/install.log --single-version-externally-managed install_data
