[0.709s] Invoking command in '/home/me597/lab3_ws/3/task_4': PYTHONPATH=/home/me597/lab3_ws/build/task_4/prefix_override:/usr/lib/python3/dist-packages/colcon_core/task/python/colcon_distutils_commands:/home/me597/lab3_ws/install/task_4/lib/python3.10/site-packages:${PYTHONPATH} /usr/bin/python3 -W ignore:setup.py install is deprecated -W ignore:easy_install command is deprecated setup.py egg_info --egg-base ../../build/task_4 build --build-base /home/me597/lab3_ws/build/task_4/build install --record /home/me597/lab3_ws/build/task_4/install.log --single-version-externally-managed install_data
[0.982s] running egg_info
[0.982s] writing ../../build/task_4/task_4.egg-info/PKG-INFO
[0.983s] writing dependency_links to ../../build/task_4/task_4.egg-info/dependency_links.txt
[0.984s] writing entry points to ../../build/task_4/task_4.egg-info/entry_points.txt
[0.984s] writing requirements to ../../build/task_4/task_4.egg-info/requires.txt
[0.985s] writing top-level names to ../../build/task_4/task_4.egg-info/top_level.txt
[0.986s] reading manifest file '../../build/task_4/task_4.egg-info/SOURCES.txt'
[0.988s] adding license file 'LICENSE'
[0.988s] writing manifest file '../../build/task_4/task_4.egg-info/SOURCES.txt'
[0.988s] running build
[0.989s] running build_py
[0.989s] copying task_4/auto_navigator.py -> /home/me597/lab3_ws/build/task_4/build/lib/task_4
[0.989s] running install
[0.990s] running install_lib
[0.991s] copying /home/me597/lab3_ws/build/task_4/build/lib/task_4/auto_navigator.py -> /home/me597/lab3_ws/install/task_4/lib/python3.10/site-packages/task_4
[0.993s] byte-compiling /home/me597/lab3_ws/install/task_4/lib/python3.10/site-packages/task_4/auto_navigator.py to auto_navigator.cpython-310.pyc
[0.998s] running install_data
[0.999s] running install_egg_info
[1.001s] removing '/home/me597/lab3_ws/install/task_4/lib/python3.10/site-packages/task_4-0.0.0-py3.10.egg-info' (and everything under it)
[1.002s] Copying ../../build/task_4/task_4.egg-info to /home/me597/lab3_ws/install/task_4/lib/python3.10/site-packages/task_4-0.0.0-py3.10.egg-info
[1.004s] running install_scripts
[1.026s] Installing auto_navigator script to /home/me597/lab3_ws/install/task_4/lib/task_4
[1.026s] writing list of installed files to '/home/me597/lab3_ws/build/task_4/install.log'
[1.058s] Invoked command in '/home/me597/lab3_ws/3/task_4' returned '0': PYTHONPATH=/home/me597/lab3_ws/build/task_4/prefix_override:/usr/lib/python3/dist-packages/colcon_core/task/python/colcon_distutils_commands:/home/me597/lab3_ws/install/task_4/lib/python3.10/site-packages:${PYTHONPATH} /usr/bin/python3 -W ignore:setup.py install is deprecated -W ignore:easy_install command is deprecated setup.py egg_info --egg-base ../../build/task_4 build --build-base /home/me597/lab3_ws/build/task_4/build install --record /home/me597/lab3_ws/build/task_4/install.log --single-version-externally-managed install_data
