[1.865s] Invoking command in '/home/me597/lab3_ws/3/task_4': PYTHONPATH=/home/me597/lab3_ws/build/task_4/prefix_override:/usr/lib/python3/dist-packages/colcon_core/task/python/colcon_distutils_commands:/home/me597/lab3_ws/install/task_4/lib/python3.10/site-packages:${PYTHONPATH} /usr/bin/python3 -W ignore:setup.py install is deprecated -W ignore:easy_install command is deprecated setup.py egg_info --egg-base ../../build/task_4 build --build-base /home/me597/lab3_ws/build/task_4/build install --record /home/me597/lab3_ws/build/task_4/install.log --single-version-externally-managed install_data
[2.401s] running egg_info
[2.404s] creating ../../build/task_4/task_4.egg-info
[2.405s] writing ../../build/task_4/task_4.egg-info/PKG-INFO
[2.406s] writing dependency_links to ../../build/task_4/task_4.egg-info/dependency_links.txt
[2.407s] writing entry points to ../../build/task_4/task_4.egg-info/entry_points.txt
[2.407s] writing requirements to ../../build/task_4/task_4.egg-info/requires.txt
[2.408s] writing top-level names to ../../build/task_4/task_4.egg-info/top_level.txt
[2.409s] writing manifest file '../../build/task_4/task_4.egg-info/SOURCES.txt'
[2.415s] reading manifest file '../../build/task_4/task_4.egg-info/SOURCES.txt'
[2.415s] adding license file 'LICENSE'
[2.417s] writing manifest file '../../build/task_4/task_4.egg-info/SOURCES.txt'
[2.417s] running build
[2.417s] running build_py
[2.421s] creating /home/me597/lab3_ws/build/task_4/build
[2.421s] creating /home/me597/lab3_ws/build/task_4/build/lib
[2.421s] creating /home/me597/lab3_ws/build/task_4/build/lib/task_4
[2.422s] copying task_4/__init__.py -> /home/me597/lab3_ws/build/task_4/build/lib/task_4
[2.423s] running install
[2.423s] running install_lib
[2.423s] creating /home/me597/lab3_ws/install/task_4/lib/python3.10/site-packages/task_4
[2.423s] copying /home/me597/lab3_ws/build/task_4/build/lib/task_4/__init__.py -> /home/me597/lab3_ws/install/task_4/lib/python3.10/site-packages/task_4
[2.424s] byte-compiling /home/me597/lab3_ws/install/task_4/lib/python3.10/site-packages/task_4/__init__.py to __init__.cpython-310.pyc
[2.426s] running install_data
[2.426s] creating /home/me597/lab3_ws/install/task_4/share/ament_index
[2.426s] creating /home/me597/lab3_ws/install/task_4/share/ament_index/resource_index
[2.427s] creating /home/me597/lab3_ws/install/task_4/share/ament_index/resource_index/packages
[2.427s] copying resource/task_4 -> /home/me597/lab3_ws/install/task_4/share/ament_index/resource_index/packages
[2.428s] copying package.xml -> /home/me597/lab3_ws/install/task_4/share/task_4
[2.428s] creating /home/me597/lab3_ws/install/task_4/share/task_4/launch
[2.429s] copying launch/gen_sync_map_launch.py -> /home/me597/lab3_ws/install/task_4/share/task_4/launch
[2.430s] running install_egg_info
[2.435s] Copying ../../build/task_4/task_4.egg-info to /home/me597/lab3_ws/install/task_4/lib/python3.10/site-packages/task_4-0.0.0-py3.10.egg-info
[2.438s] running install_scripts
[2.494s] writing list of installed files to '/home/me597/lab3_ws/build/task_4/install.log'
[2.550s] Invoked command in '/home/me597/lab3_ws/3/task_4' returned '0': PYTHONPATH=/home/me597/lab3_ws/build/task_4/prefix_override:/usr/lib/python3/dist-packages/colcon_core/task/python/colcon_distutils_commands:/home/me597/lab3_ws/install/task_4/lib/python3.10/site-packages:${PYTHONPATH} /usr/bin/python3 -W ignore:setup.py install is deprecated -W ignore:easy_install command is deprecated setup.py egg_info --egg-base ../../build/task_4 build --build-base /home/me597/lab3_ws/build/task_4/build install --record /home/me597/lab3_ws/build/task_4/install.log --single-version-externally-managed install_data
