/home/me597/lab1_ws/install/task_2/lib/python3.10/site-packages/task_2/task2_client.py
/home/me597/lab1_ws/install/task_2/lib/python3.10/site-packages/task_2/task_2_sub.py
/home/me597/lab1_ws/install/task_2/lib/python3.10/site-packages/task_2/__init__.py
/home/me597/lab1_ws/install/task_2/lib/python3.10/site-packages/task_2/task_2_pub.py
/home/me597/lab1_ws/install/task_2/lib/python3.10/site-packages/task_2/task2_service.py
/home/me597/lab1_ws/install/task_2/lib/python3.10/site-packages/task_2/__pycache__/task2_client.cpython-310.pyc
/home/me597/lab1_ws/install/task_2/lib/python3.10/site-packages/task_2/__pycache__/task_2_sub.cpython-310.pyc
/home/me597/lab1_ws/install/task_2/lib/python3.10/site-packages/task_2/__pycache__/__init__.cpython-310.pyc
/home/me597/lab1_ws/install/task_2/lib/python3.10/site-packages/task_2/__pycache__/task_2_pub.cpython-310.pyc
/home/me597/lab1_ws/install/task_2/lib/python3.10/site-packages/task_2/__pycache__/task2_service.cpython-310.pyc
/home/me597/lab1_ws/install/task_2/share/ament_index/resource_index/packages/task_2
/home/me597/lab1_ws/install/task_2/share/task_2/package.xml
/home/me597/lab1_ws/install/task_2/share/task_2/launch/service_launch.py
/home/me597/lab1_ws/install/task_2/lib/python3.10/site-packages/task_2-0.0.0-py3.10.egg-info/top_level.txt
/home/me597/lab1_ws/install/task_2/lib/python3.10/site-packages/task_2-0.0.0-py3.10.egg-info/requires.txt
/home/me597/lab1_ws/install/task_2/lib/python3.10/site-packages/task_2-0.0.0-py3.10.egg-info/SOURCES.txt
/home/me597/lab1_ws/install/task_2/lib/python3.10/site-packages/task_2-0.0.0-py3.10.egg-info/dependency_links.txt
/home/me597/lab1_ws/install/task_2/lib/python3.10/site-packages/task_2-0.0.0-py3.10.egg-info/entry_points.txt
/home/me597/lab1_ws/install/task_2/lib/python3.10/site-packages/task_2-0.0.0-py3.10.egg-info/PKG-INFO
/home/me597/lab1_ws/install/task_2/lib/python3.10/site-packages/task_2-0.0.0-py3.10.egg-info/zip-safe
/home/me597/lab1_ws/install/task_2/lib/task_2/client
/home/me597/lab1_ws/install/task_2/lib/task_2/listener
/home/me597/lab1_ws/install/task_2/lib/task_2/service
/home/me597/lab1_ws/install/task_2/lib/task_2/talker
