[0.831s] Invoking command in '/home/me597/lab2_ws/3/task_3': PYTHONPATH=/home/me597/lab2_ws/build/task_3/prefix_override:/usr/lib/python3/dist-packages/colcon_core/task/python/colcon_distutils_commands:/home/me597/lab2_ws/install/task_3/lib/python3.10/site-packages:${PYTHONPATH} /usr/bin/python3 -W ignore:setup.py install is deprecated -W ignore:easy_install command is deprecated setup.py egg_info --egg-base ../../build/task_3 build --build-base /home/me597/lab2_ws/build/task_3/build install --record /home/me597/lab2_ws/build/task_3/install.log --single-version-externally-managed install_data
[1.120s] running egg_info
[1.122s] creating ../../build/task_3/task_3.egg-info
[1.122s] writing ../../build/task_3/task_3.egg-info/PKG-INFO
[1.122s] writing dependency_links to ../../build/task_3/task_3.egg-info/dependency_links.txt
[1.123s] writing entry points to ../../build/task_3/task_3.egg-info/entry_points.txt
[1.124s] writing requirements to ../../build/task_3/task_3.egg-info/requires.txt
[1.124s] writing top-level names to ../../build/task_3/task_3.egg-info/top_level.txt
[1.125s] writing manifest file '../../build/task_3/task_3.egg-info/SOURCES.txt'
[1.128s] reading manifest file '../../build/task_3/task_3.egg-info/SOURCES.txt'
[1.130s] adding license file 'LICENSE'
[1.130s] writing manifest file '../../build/task_3/task_3.egg-info/SOURCES.txt'
[1.131s] running build
[1.131s] running build_py
[1.132s] creating /home/me597/lab2_ws/build/task_3/build
[1.132s] creating /home/me597/lab2_ws/build/task_3/build/lib
[1.132s] creating /home/me597/lab2_ws/build/task_3/build/lib/task_3
[1.132s] copying task_3/__init__.py -> /home/me597/lab2_ws/build/task_3/build/lib/task_3
[1.133s] copying task_3/pid_controller.py -> /home/me597/lab2_ws/build/task_3/build/lib/task_3
[1.133s] running install
[1.134s] running install_lib
[1.135s] creating /home/me597/lab2_ws/install/task_3/lib/python3.10/site-packages/task_3
[1.136s] copying /home/me597/lab2_ws/build/task_3/build/lib/task_3/__init__.py -> /home/me597/lab2_ws/install/task_3/lib/python3.10/site-packages/task_3
[1.136s] copying /home/me597/lab2_ws/build/task_3/build/lib/task_3/pid_controller.py -> /home/me597/lab2_ws/install/task_3/lib/python3.10/site-packages/task_3
[1.138s] byte-compiling /home/me597/lab2_ws/install/task_3/lib/python3.10/site-packages/task_3/__init__.py to __init__.cpython-310.pyc
[1.138s] byte-compiling /home/me597/lab2_ws/install/task_3/lib/python3.10/site-packages/task_3/pid_controller.py to pid_controller.cpython-310.pyc
[1.144s] running install_data
[1.144s] creating /home/me597/lab2_ws/install/task_3/share/ament_index
[1.144s] creating /home/me597/lab2_ws/install/task_3/share/ament_index/resource_index
[1.144s] creating /home/me597/lab2_ws/install/task_3/share/ament_index/resource_index/packages
[1.144s] copying resource/task_3 -> /home/me597/lab2_ws/install/task_3/share/ament_index/resource_index/packages
[1.144s] copying package.xml -> /home/me597/lab2_ws/install/task_3/share/task_3
[1.144s] creating /home/me597/lab2_ws/install/task_3/share/task_3/launch
[1.144s] copying launch/pid_control_launch.py -> /home/me597/lab2_ws/install/task_3/share/task_3/launch
[1.144s] running install_egg_info
[1.148s] Copying ../../build/task_3/task_3.egg-info to /home/me597/lab2_ws/install/task_3/lib/python3.10/site-packages/task_3-0.0.0-py3.10.egg-info
[1.149s] running install_scripts
[1.187s] Installing pid_speed_controller script to /home/me597/lab2_ws/install/task_3/lib/task_3
[1.188s] writing list of installed files to '/home/me597/lab2_ws/build/task_3/install.log'
[1.214s] Invoked command in '/home/me597/lab2_ws/3/task_3' returned '0': PYTHONPATH=/home/me597/lab2_ws/build/task_3/prefix_override:/usr/lib/python3/dist-packages/colcon_core/task/python/colcon_distutils_commands:/home/me597/lab2_ws/install/task_3/lib/python3.10/site-packages:${PYTHONPATH} /usr/bin/python3 -W ignore:setup.py install is deprecated -W ignore:easy_install command is deprecated setup.py egg_info --egg-base ../../build/task_3 build --build-base /home/me597/lab2_ws/build/task_3/build install --record /home/me597/lab2_ws/build/task_3/install.log --single-version-externally-managed install_data
